f:\marching_cubes\marching-cubes\sln\mc\x64\debug\vc142.pdb
f:\marching_cubes\marching-cubes\sln\mc\x64\debug\vc142.idb
f:\marching_cubes\marching-cubes\sln\mc\x64\debug\main.obj
x64\debug\marching_cubes_kernel.cu.obj
f:\marching_cubes\marching-cubes\sln\x64\debug\mc.lib
f:\marching_cubes\marching-cubes\sln\x64\debug\mc.exp
f:\marching_cubes\marching-cubes\sln\mc\x64\debug\marching_cubes_kernel.cu.cache
f:\marching_cubes\marching-cubes\sln\mc\x64\debug\marching_cubes_kernel.cu.obj
f:\marching_cubes\marching-cubes\sln\mc\x64\debug\main.obj.enc
f:\marching_cubes\marching-cubes\sln\x64\debug\mc.pdb
f:\marching_cubes\marching-cubes\sln\mc\x64\debug\mc.tlog\cl.command.1.tlog
f:\marching_cubes\marching-cubes\sln\mc\x64\debug\mc.tlog\cl.read.1.tlog
f:\marching_cubes\marching-cubes\sln\mc\x64\debug\mc.tlog\cl.write.1.tlog
f:\marching_cubes\marching-cubes\sln\mc\x64\debug\mc.tlog\cudacompile.read.1u.tlog
f:\marching_cubes\marching-cubes\sln\mc\x64\debug\mc.tlog\cudacompile.write.1u.tlog
f:\marching_cubes\marching-cubes\sln\mc\x64\debug\mc.tlog\link.56492-cvtres.read.1.tlog
f:\marching_cubes\marching-cubes\sln\mc\x64\debug\mc.tlog\link.56492-cvtres.write.1.tlog
f:\marching_cubes\marching-cubes\sln\mc\x64\debug\mc.tlog\link.56492-rc.read.1.tlog
f:\marching_cubes\marching-cubes\sln\mc\x64\debug\mc.tlog\link.56492-rc.write.1.tlog
f:\marching_cubes\marching-cubes\sln\mc\x64\debug\mc.tlog\link.56492.read.1.tlog
f:\marching_cubes\marching-cubes\sln\mc\x64\debug\mc.tlog\link.56492.write.1.tlog
f:\marching_cubes\marching-cubes\sln\mc\x64\debug\mc.tlog\link.command.1.tlog
f:\marching_cubes\marching-cubes\sln\mc\x64\debug\mc.tlog\link.read.1.tlog
f:\marching_cubes\marching-cubes\sln\mc\x64\debug\mc.tlog\link.write.1.tlog
f:\marching_cubes\marching-cubes\sln\mc\x64\debug\mc.tlog\mc.write.1u.tlog
