  Compiling CUDA source file marching_cubes_kernel.cu...
  
  F:\marching_cubes\marching-cubes\sln\mc>"C:\Program Files\NVIDIA GPU Computing Toolkit\CUDA\v10.2\bin\nvcc.exe" -gencode=arch=compute_30,code=\"sm_30,compute_30\" --use-local-env -ccbin "C:\Program Files (x86)\Microsoft Visual Studio\2019\Community\VC\Tools\MSVC\14.26.28801\bin\HostX86\x64" -x cu  -I..\..\src\GLEW\include -I..\..\src\GLFW\include -I..\..\src\glm\include -I..\..\src\Framework\include -Iinclude -I"C:\Program Files\NVIDIA GPU Computing Toolkit\CUDA\v10.2\include" -I"C:\Program Files\NVIDIA GPU Computing Toolkit\CUDA\v10.2\include"  -G   --keep-dir x64\Debug -maxrregcount=0  --machine 64 --compile -cudart static  -g   -DWIN32 -DWIN64 -D_DEBUG -D_CONSOLE -DGLEW_STATIC -D_MBCS -Xcompiler "/EHsc /W3 /nologo /Od /Fdx64\Debug\vc142.pdb /FS /Zi /RTC1 /MDd " -o x64\Debug\marching_cubes_kernel.cu.obj "F:\marching_cubes\marching-cubes\sln\mc\marching_cubes_kernel.cu" 
F:\marching_cubes\marching-cubes\src\glm\include\glm\ext\../detail/type_vec4.hpp(97): warning : __device__ annotation is ignored on a function("vec") that is explicitly defaulted on its first declaration
  
F:\marching_cubes\marching-cubes\src\glm\include\glm\ext\../detail/type_vec4.hpp(97): warning : __host__ annotation is ignored on a function("vec") that is explicitly defaulted on its first declaration
  
F:\marching_cubes\marching-cubes\src\glm\include\glm\ext\../detail/type_vec4.hpp(98): warning : __device__ annotation is ignored on a function("vec") that is explicitly defaulted on its first declaration
  
F:\marching_cubes\marching-cubes\src\glm\include\glm\ext\../detail/type_vec4.hpp(98): warning : __host__ annotation is ignored on a function("vec") that is explicitly defaulted on its first declaration
  
F:\marching_cubes\marching-cubes\src\glm\include\glm\ext\../detail/type_vec4.hpp(249): warning : __device__ annotation is ignored on a function("operator=") that is explicitly defaulted on its first declaration
  
F:\marching_cubes\marching-cubes\src\glm\include\glm\ext\../detail/type_vec4.hpp(249): warning : __host__ annotation is ignored on a function("operator=") that is explicitly defaulted on its first declaration
  
F:\marching_cubes\marching-cubes\src\glm\include\glm\ext\../detail/type_mat4x4.hpp(35): warning : __device__ annotation is ignored on a function("mat") that is explicitly defaulted on its first declaration
  
F:\marching_cubes\marching-cubes\src\glm\include\glm\ext\../detail/type_mat4x4.hpp(35): warning : __host__ annotation is ignored on a function("mat") that is explicitly defaulted on its first declaration
  
F:\marching_cubes\marching-cubes\src\glm\include\glm\ext\../detail/type_vec2.hpp(94): warning : __device__ annotation is ignored on a function("vec") that is explicitly defaulted on its first declaration
  
F:\marching_cubes\marching-cubes\src\glm\include\glm\ext\../detail/type_vec2.hpp(94): warning : __host__ annotation is ignored on a function("vec") that is explicitly defaulted on its first declaration
  
F:\marching_cubes\marching-cubes\src\glm\include\glm\ext\../detail/type_vec2.hpp(95): warning : __device__ annotation is ignored on a function("vec") that is explicitly defaulted on its first declaration
  
F:\marching_cubes\marching-cubes\src\glm\include\glm\ext\../detail/type_vec2.hpp(95): warning : __host__ annotation is ignored on a function("vec") that is explicitly defaulted on its first declaration
  
F:\marching_cubes\marching-cubes\src\glm\include\glm\ext\../detail/type_vec2.hpp(143): warning : __device__ annotation is ignored on a function("operator=") that is explicitly defaulted on its first declaration
  
F:\marching_cubes\marching-cubes\src\glm\include\glm\ext\../detail/type_vec2.hpp(143): warning : __host__ annotation is ignored on a function("operator=") that is explicitly defaulted on its first declaration
  
F:\marching_cubes\marching-cubes\src\glm\include\glm\ext\../detail/type_vec3.hpp(98): warning : __device__ annotation is ignored on a function("vec") that is explicitly defaulted on its first declaration
  
F:\marching_cubes\marching-cubes\src\glm\include\glm\ext\../detail/type_vec3.hpp(98): warning : __host__ annotation is ignored on a function("vec") that is explicitly defaulted on its first declaration
  
F:\marching_cubes\marching-cubes\src\glm\include\glm\ext\../detail/type_vec3.hpp(99): warning : __device__ annotation is ignored on a function("vec") that is explicitly defaulted on its first declaration
  
F:\marching_cubes\marching-cubes\src\glm\include\glm\ext\../detail/type_vec3.hpp(99): warning : __host__ annotation is ignored on a function("vec") that is explicitly defaulted on its first declaration
  
F:\marching_cubes\marching-cubes\src\glm\include\glm\ext\../detail/type_vec3.hpp(176): warning : __device__ annotation is ignored on a function("operator=") that is explicitly defaulted on its first declaration
  
F:\marching_cubes\marching-cubes\src\glm\include\glm\ext\../detail/type_vec3.hpp(176): warning : __host__ annotation is ignored on a function("operator=") that is explicitly defaulted on its first declaration
  
F:\marching_cubes\marching-cubes\src\glm\include\glm\ext\../detail/type_mat2x2.hpp(35): warning : __device__ annotation is ignored on a function("mat") that is explicitly defaulted on its first declaration
  
F:\marching_cubes\marching-cubes\src\glm\include\glm\ext\../detail/type_mat2x2.hpp(35): warning : __host__ annotation is ignored on a function("mat") that is explicitly defaulted on its first declaration
  
F:\marching_cubes\marching-cubes\src\glm\include\glm\ext\../detail/type_mat2x3.hpp(36): warning : __device__ annotation is ignored on a function("mat") that is explicitly defaulted on its first declaration
  
F:\marching_cubes\marching-cubes\src\glm\include\glm\ext\../detail/type_mat2x3.hpp(36): warning : __host__ annotation is ignored on a function("mat") that is explicitly defaulted on its first declaration
  
F:\marching_cubes\marching-cubes\src\glm\include\glm\ext\../detail/type_mat2x4.hpp(36): warning : __device__ annotation is ignored on a function("mat") that is explicitly defaulted on its first declaration
  
F:\marching_cubes\marching-cubes\src\glm\include\glm\ext\../detail/type_mat2x4.hpp(36): warning : __host__ annotation is ignored on a function("mat") that is explicitly defaulted on its first declaration
  
F:\marching_cubes\marching-cubes\src\glm\include\glm\ext\../detail/type_mat3x2.hpp(36): warning : __device__ annotation is ignored on a function("mat") that is explicitly defaulted on its first declaration
  
F:\marching_cubes\marching-cubes\src\glm\include\glm\ext\../detail/type_mat3x2.hpp(36): warning : __host__ annotation is ignored on a function("mat") that is explicitly defaulted on its first declaration
  
F:\marching_cubes\marching-cubes\src\glm\include\glm\ext\../detail/type_mat3x3.hpp(35): warning : __device__ annotation is ignored on a function("mat") that is explicitly defaulted on its first declaration
  
F:\marching_cubes\marching-cubes\src\glm\include\glm\ext\../detail/type_mat3x3.hpp(35): warning : __host__ annotation is ignored on a function("mat") that is explicitly defaulted on its first declaration
  
F:\marching_cubes\marching-cubes\src\glm\include\glm\ext\../detail/type_mat3x4.hpp(36): warning : __device__ annotation is ignored on a function("mat") that is explicitly defaulted on its first declaration
  
F:\marching_cubes\marching-cubes\src\glm\include\glm\ext\../detail/type_mat3x4.hpp(36): warning : __host__ annotation is ignored on a function("mat") that is explicitly defaulted on its first declaration
  
F:\marching_cubes\marching-cubes\src\glm\include\glm\ext\../detail/type_mat4x2.hpp(36): warning : __device__ annotation is ignored on a function("mat") that is explicitly defaulted on its first declaration
  
F:\marching_cubes\marching-cubes\src\glm\include\glm\ext\../detail/type_mat4x2.hpp(36): warning : __host__ annotation is ignored on a function("mat") that is explicitly defaulted on its first declaration
  
F:\marching_cubes\marching-cubes\src\glm\include\glm\ext\../detail/type_mat4x3.hpp(36): warning : __device__ annotation is ignored on a function("mat") that is explicitly defaulted on its first declaration
  
F:\marching_cubes\marching-cubes\src\glm\include\glm\ext\../detail/type_mat4x3.hpp(36): warning : __host__ annotation is ignored on a function("mat") that is explicitly defaulted on its first declaration
  
F:\marching_cubes\marching-cubes\src\glm\include\glm\detail/type_vec1.hpp(95): warning : __device__ annotation is ignored on a function("vec") that is explicitly defaulted on its first declaration
  
F:\marching_cubes\marching-cubes\src\glm\include\glm\detail/type_vec1.hpp(95): warning : __host__ annotation is ignored on a function("vec") that is explicitly defaulted on its first declaration
  
F:\marching_cubes\marching-cubes\src\glm\include\glm\detail/type_vec1.hpp(96): warning : __device__ annotation is ignored on a function("vec") that is explicitly defaulted on its first declaration
  
F:\marching_cubes\marching-cubes\src\glm\include\glm\detail/type_vec1.hpp(96): warning : __host__ annotation is ignored on a function("vec") that is explicitly defaulted on its first declaration
  
F:\marching_cubes\marching-cubes\src\glm\include\glm\detail/type_vec1.hpp(132): warning : __device__ annotation is ignored on a function("operator=") that is explicitly defaulted on its first declaration
  
F:\marching_cubes\marching-cubes\src\glm\include\glm\detail/type_vec1.hpp(132): warning : __host__ annotation is ignored on a function("operator=") that is explicitly defaulted on its first declaration
  
F:\marching_cubes\marching-cubes\src\Framework\include\Camera.hpp(42): warning : type qualifier on return type is meaningless
  
F:\marching_cubes\marching-cubes\src\Framework\include\Camera.hpp(49): warning : type qualifier on return type is meaningless
  
F:\marching_cubes\marching-cubes\src\Framework\include\Camera.hpp(50): warning : type qualifier on return type is meaningless
  
F:\marching_cubes\marching-cubes\src\Framework\include\Camera.hpp(51): warning : type qualifier on return type is meaningless
  
F:\marching_cubes\marching-cubes\src\Framework\include\Camera.hpp(52): warning : type qualifier on return type is meaningless
  
F:\marching_cubes\marching-cubes\src\Framework\include\Camera.hpp(53): warning : type qualifier on return type is meaningless
  
F:\marching_cubes\marching-cubes\src\Framework\include\Camera.hpp(54): warning : type qualifier on return type is meaningless
  
F:\marching_cubes\marching-cubes\src\glm\include\glm\ext\../detail/type_quat.hpp(83): warning : __device__ annotation is ignored on a function("qua") that is explicitly defaulted on its first declaration
  
F:\marching_cubes\marching-cubes\src\glm\include\glm\ext\../detail/type_quat.hpp(83): warning : __host__ annotation is ignored on a function("qua") that is explicitly defaulted on its first declaration
  
F:\marching_cubes\marching-cubes\src\glm\include\glm\ext\../detail/type_quat.hpp(84): warning : __device__ annotation is ignored on a function("qua") that is explicitly defaulted on its first declaration
  
F:\marching_cubes\marching-cubes\src\glm\include\glm\ext\../detail/type_quat.hpp(84): warning : __host__ annotation is ignored on a function("qua") that is explicitly defaulted on its first declaration
  
F:\marching_cubes\marching-cubes\src\glm\include\glm\ext\../detail/type_quat.hpp(119): warning : __device__ annotation is ignored on a function("operator=") that is explicitly defaulted on its first declaration
  
F:\marching_cubes\marching-cubes\src\glm\include\glm\ext\../detail/type_quat.hpp(119): warning : __host__ annotation is ignored on a function("operator=") that is explicitly defaulted on its first declaration
  
F:\marching_cubes\marching-cubes\src\glm\include\glm\ext\../detail/type_vec4.hpp(97): warning : __device__ annotation is ignored on a function("vec") that is explicitly defaulted on its first declaration
  
F:\marching_cubes\marching-cubes\src\glm\include\glm\ext\../detail/type_vec4.hpp(97): warning : __host__ annotation is ignored on a function("vec") that is explicitly defaulted on its first declaration
  
F:\marching_cubes\marching-cubes\src\glm\include\glm\ext\../detail/type_vec4.hpp(98): warning : __device__ annotation is ignored on a function("vec") that is explicitly defaulted on its first declaration
  
F:\marching_cubes\marching-cubes\src\glm\include\glm\ext\../detail/type_vec4.hpp(98): warning : __host__ annotation is ignored on a function("vec") that is explicitly defaulted on its first declaration
  
F:\marching_cubes\marching-cubes\src\glm\include\glm\ext\../detail/type_vec4.hpp(249): warning : __device__ annotation is ignored on a function("operator=") that is explicitly defaulted on its first declaration
  
F:\marching_cubes\marching-cubes\src\glm\include\glm\ext\../detail/type_vec4.hpp(249): warning : __host__ annotation is ignored on a function("operator=") that is explicitly defaulted on its first declaration
  
F:\marching_cubes\marching-cubes\src\glm\include\glm\ext\../detail/type_mat4x4.hpp(35): warning : __device__ annotation is ignored on a function("mat") that is explicitly defaulted on its first declaration
  
F:\marching_cubes\marching-cubes\src\glm\include\glm\ext\../detail/type_mat4x4.hpp(35): warning : __host__ annotation is ignored on a function("mat") that is explicitly defaulted on its first declaration
  
F:\marching_cubes\marching-cubes\src\glm\include\glm\ext\../detail/type_vec2.hpp(94): warning : __device__ annotation is ignored on a function("vec") that is explicitly defaulted on its first declaration
  
F:\marching_cubes\marching-cubes\src\glm\include\glm\ext\../detail/type_vec2.hpp(94): warning : __host__ annotation is ignored on a function("vec") that is explicitly defaulted on its first declaration
  
F:\marching_cubes\marching-cubes\src\glm\include\glm\ext\../detail/type_vec2.hpp(95): warning : __device__ annotation is ignored on a function("vec") that is explicitly defaulted on its first declaration
  
F:\marching_cubes\marching-cubes\src\glm\include\glm\ext\../detail/type_vec2.hpp(95): warning : __host__ annotation is ignored on a function("vec") that is explicitly defaulted on its first declaration
  
F:\marching_cubes\marching-cubes\src\glm\include\glm\ext\../detail/type_vec2.hpp(143): warning : __device__ annotation is ignored on a function("operator=") that is explicitly defaulted on its first declaration
  
F:\marching_cubes\marching-cubes\src\glm\include\glm\ext\../detail/type_vec2.hpp(143): warning : __host__ annotation is ignored on a function("operator=") that is explicitly defaulted on its first declaration
  
F:\marching_cubes\marching-cubes\src\glm\include\glm\ext\../detail/type_vec3.hpp(98): warning : __device__ annotation is ignored on a function("vec") that is explicitly defaulted on its first declaration
  
F:\marching_cubes\marching-cubes\src\glm\include\glm\ext\../detail/type_vec3.hpp(98): warning : __host__ annotation is ignored on a function("vec") that is explicitly defaulted on its first declaration
  
F:\marching_cubes\marching-cubes\src\glm\include\glm\ext\../detail/type_vec3.hpp(99): warning : __device__ annotation is ignored on a function("vec") that is explicitly defaulted on its first declaration
  
F:\marching_cubes\marching-cubes\src\glm\include\glm\ext\../detail/type_vec3.hpp(99): warning : __host__ annotation is ignored on a function("vec") that is explicitly defaulted on its first declaration
  
F:\marching_cubes\marching-cubes\src\glm\include\glm\ext\../detail/type_vec3.hpp(176): warning : __device__ annotation is ignored on a function("operator=") that is explicitly defaulted on its first declaration
  
F:\marching_cubes\marching-cubes\src\glm\include\glm\ext\../detail/type_vec3.hpp(176): warning : __host__ annotation is ignored on a function("operator=") that is explicitly defaulted on its first declaration
  
F:\marching_cubes\marching-cubes\src\glm\include\glm\ext\../detail/type_mat2x2.hpp(35): warning : __device__ annotation is ignored on a function("mat") that is explicitly defaulted on its first declaration
  
F:\marching_cubes\marching-cubes\src\glm\include\glm\ext\../detail/type_mat2x2.hpp(35): warning : __host__ annotation is ignored on a function("mat") that is explicitly defaulted on its first declaration
  
F:\marching_cubes\marching-cubes\src\glm\include\glm\ext\../detail/type_mat2x3.hpp(36): warning : __device__ annotation is ignored on a function("mat") that is explicitly defaulted on its first declaration
  
F:\marching_cubes\marching-cubes\src\glm\include\glm\ext\../detail/type_mat2x3.hpp(36): warning : __host__ annotation is ignored on a function("mat") that is explicitly defaulted on its first declaration
  
F:\marching_cubes\marching-cubes\src\glm\include\glm\ext\../detail/type_mat2x4.hpp(36): warning : __device__ annotation is ignored on a function("mat") that is explicitly defaulted on its first declaration
  
F:\marching_cubes\marching-cubes\src\glm\include\glm\ext\../detail/type_mat2x4.hpp(36): warning : __host__ annotation is ignored on a function("mat") that is explicitly defaulted on its first declaration
  
F:\marching_cubes\marching-cubes\src\glm\include\glm\ext\../detail/type_mat3x2.hpp(36): warning : __device__ annotation is ignored on a function("mat") that is explicitly defaulted on its first declaration
  
F:\marching_cubes\marching-cubes\src\glm\include\glm\ext\../detail/type_mat3x2.hpp(36): warning : __host__ annotation is ignored on a function("mat") that is explicitly defaulted on its first declaration
  
F:\marching_cubes\marching-cubes\src\glm\include\glm\ext\../detail/type_mat3x3.hpp(35): warning : __device__ annotation is ignored on a function("mat") that is explicitly defaulted on its first declaration
  
F:\marching_cubes\marching-cubes\src\glm\include\glm\ext\../detail/type_mat3x3.hpp(35): warning : __host__ annotation is ignored on a function("mat") that is explicitly defaulted on its first declaration
  
F:\marching_cubes\marching-cubes\src\glm\include\glm\ext\../detail/type_mat3x4.hpp(36): warning : __device__ annotation is ignored on a function("mat") that is explicitly defaulted on its first declaration
  
F:\marching_cubes\marching-cubes\src\glm\include\glm\ext\../detail/type_mat3x4.hpp(36): warning : __host__ annotation is ignored on a function("mat") that is explicitly defaulted on its first declaration
  
F:\marching_cubes\marching-cubes\src\glm\include\glm\ext\../detail/type_mat4x2.hpp(36): warning : __device__ annotation is ignored on a function("mat") that is explicitly defaulted on its first declaration
  
F:\marching_cubes\marching-cubes\src\glm\include\glm\ext\../detail/type_mat4x2.hpp(36): warning : __host__ annotation is ignored on a function("mat") that is explicitly defaulted on its first declaration
  
F:\marching_cubes\marching-cubes\src\glm\include\glm\ext\../detail/type_mat4x3.hpp(36): warning : __device__ annotation is ignored on a function("mat") that is explicitly defaulted on its first declaration
  
F:\marching_cubes\marching-cubes\src\glm\include\glm\ext\../detail/type_mat4x3.hpp(36): warning : __host__ annotation is ignored on a function("mat") that is explicitly defaulted on its first declaration
  
F:\marching_cubes\marching-cubes\src\glm\include\glm\detail/type_vec1.hpp(95): warning : __device__ annotation is ignored on a function("vec") that is explicitly defaulted on its first declaration
  
F:\marching_cubes\marching-cubes\src\glm\include\glm\detail/type_vec1.hpp(95): warning : __host__ annotation is ignored on a function("vec") that is explicitly defaulted on its first declaration
  
F:\marching_cubes\marching-cubes\src\glm\include\glm\detail/type_vec1.hpp(96): warning : __device__ annotation is ignored on a function("vec") that is explicitly defaulted on its first declaration
  
F:\marching_cubes\marching-cubes\src\glm\include\glm\detail/type_vec1.hpp(96): warning : __host__ annotation is ignored on a function("vec") that is explicitly defaulted on its first declaration
  
F:\marching_cubes\marching-cubes\src\glm\include\glm\detail/type_vec1.hpp(132): warning : __device__ annotation is ignored on a function("operator=") that is explicitly defaulted on its first declaration
  
F:\marching_cubes\marching-cubes\src\glm\include\glm\detail/type_vec1.hpp(132): warning : __host__ annotation is ignored on a function("operator=") that is explicitly defaulted on its first declaration
  
F:\marching_cubes\marching-cubes\src\Framework\include\Camera.hpp(42): warning : type qualifier on return type is meaningless
  
F:\marching_cubes\marching-cubes\src\Framework\include\Camera.hpp(49): warning : type qualifier on return type is meaningless
  
F:\marching_cubes\marching-cubes\src\Framework\include\Camera.hpp(50): warning : type qualifier on return type is meaningless
  
F:\marching_cubes\marching-cubes\src\Framework\include\Camera.hpp(51): warning : type qualifier on return type is meaningless
  
F:\marching_cubes\marching-cubes\src\Framework\include\Camera.hpp(52): warning : type qualifier on return type is meaningless
  
F:\marching_cubes\marching-cubes\src\Framework\include\Camera.hpp(53): warning : type qualifier on return type is meaningless
  
F:\marching_cubes\marching-cubes\src\Framework\include\Camera.hpp(54): warning : type qualifier on return type is meaningless
  
F:\marching_cubes\marching-cubes\src\glm\include\glm\ext\../detail/type_quat.hpp(83): warning : __device__ annotation is ignored on a function("qua") that is explicitly defaulted on its first declaration
  
F:\marching_cubes\marching-cubes\src\glm\include\glm\ext\../detail/type_quat.hpp(83): warning : __host__ annotation is ignored on a function("qua") that is explicitly defaulted on its first declaration
  
F:\marching_cubes\marching-cubes\src\glm\include\glm\ext\../detail/type_quat.hpp(84): warning : __device__ annotation is ignored on a function("qua") that is explicitly defaulted on its first declaration
  
F:\marching_cubes\marching-cubes\src\glm\include\glm\ext\../detail/type_quat.hpp(84): warning : __host__ annotation is ignored on a function("qua") that is explicitly defaulted on its first declaration
  
F:\marching_cubes\marching-cubes\src\glm\include\glm\ext\../detail/type_quat.hpp(119): warning : __device__ annotation is ignored on a function("operator=") that is explicitly defaulted on its first declaration
  
F:\marching_cubes\marching-cubes\src\glm\include\glm\ext\../detail/type_quat.hpp(119): warning : __host__ annotation is ignored on a function("operator=") that is explicitly defaulted on its first declaration
  
  marching_cubes_kernel.cu
F:/marching_cubes/marching-cubes/sln/mc/marching_cubes_kernel.cu(663): warning C4996: 'cudaGLMapBufferObject': wurde als veraltet deklariert
F:/marching_cubes/marching-cubes/sln/mc/marching_cubes_kernel.cu(668): warning C4996: 'cudaGLMapBufferObject': wurde als veraltet deklariert
F:/marching_cubes/marching-cubes/sln/mc/marching_cubes_kernel.cu(691): warning C4996: 'cudaGLUnmapBufferObject': wurde als veraltet deklariert
F:/marching_cubes/marching-cubes/sln/mc/marching_cubes_kernel.cu(696): warning C4996: 'cudaGLUnmapBufferObject': wurde als veraltet deklariert
F:/marching_cubes/marching-cubes/sln/mc/marching_cubes_kernel.cu(714): warning C4244: "=": Konvertierung von "double" in "float", möglicher Datenverlust
F:/marching_cubes/marching-cubes/sln/mc/marching_cubes_kernel.cu(720): warning C4244: "=": Konvertierung von "double" in "float", möglicher Datenverlust
  main.cpp
F:\marching_cubes\marching-cubes\sln\mc\main.cpp(143,8): warning C4101: "vox": Unreferenzierte lokale Variable
  mc.vcxproj -> F:\marching_cubes\marching-cubes\sln\x64\Debug\mc.exe
